# JRE version: OpenJDK Runtime Environment (11.0.10) (build 11.0.10+0-b96-7249189)
# Java VM: OpenJDK 64-Bit Server VM (11.0.10+0-b96-7249189, mixed mode, tiered, compressed oops, g1 gc, windows-amd64)
Heap:
 garbage-first heap   total 118784K, used 80371K [0x0000000080000000, 0x0000000100000000)
  region size 1024K, 1 young (1024K), 1 survivors (1024K)
 Metaspace       used 79418K, capacity 81458K, committed 81528K, reserved 1120256K
  class space    used 10313K, capacity 11098K, committed 11128K, reserved 1048576K
GC Heap History (20 events):
Event: 104.720 GC heap before
{Heap before GC invocations=38 (full 0):
 garbage-first heap   total 98304K, used 82597K [0x0000000080000000, 0x0000000100000000)
  region size 1024K, 18 young (18432K), 2 survivors (2048K)
 Metaspace       used 78311K, capacity 80318K, committed 80504K, reserved 1118208K
  class space    used 10196K, capacity 10981K, committed 11128K, reserved 1048576K
}
Event: 104.735 GC heap after
{Heap after GC invocations=39 (full 0):
 garbage-first heap   total 98304K, used 67356K [0x0000000080000000, 0x0000000100000000)
  region size 1024K, 2 young (2048K), 2 survivors (2048K)
 Metaspace       used 78311K, capacity 80318K, committed 80504K, reserved 1118208K
  class space    used 10196K, capacity 10981K, committed 11128K, reserved 1048576K
}
Event: 105.732 GC heap before
{Heap before GC invocations=39 (full 0):
 garbage-first heap   total 98304K, used 83740K [0x0000000080000000, 0x0000000100000000)
  region size 1024K, 18 young (18432K), 2 survivors (2048K)
 Metaspace       used 79224K, capacity 81273K, committed 81528K, reserved 1120256K
  class space    used 10303K, capacity 11062K, committed 11128K, reserved 1048576K
}
Event: 105.748 GC heap after
{Heap after GC invocations=40 (full 0):
 garbage-first heap   total 98304K, used 68679K [0x0000000080000000, 0x0000000100000000)
  region size 1024K, 3 young (3072K), 3 survivors (3072K)
 Metaspace       used 79224K, capacity 81273K, committed 81528K, reserved 1120256K
  class space    used 10303K, capacity 11062K, committed 11128K, reserved 1048576K
}
Event: 106.851 GC heap before
{Heap before GC invocations=41 (full 0):
 garbage-first heap   total 98304K, used 84039K [0x0000000080000000, 0x0000000100000000)
  region size 1024K, 18 young (18432K), 3 survivors (3072K)
 Metaspace       used 79272K, capacity 81312K, committed 81528K, reserved 1120256K
  class space    used 10308K, capacity 11095K, committed 11128K, reserved 1048576K
}
Event: 106.875 GC heap after
{Heap after GC invocations=42 (full 0):
 garbage-first heap   total 98304K, used 70393K [0x0000000080000000, 0x0000000100000000)
  region size 1024K, 3 young (3072K), 3 survivors (3072K)
 Metaspace       used 79272K, capacity 81312K, committed 81528K, reserved 1120256K
  class space    used 10308K, capacity 11095K, committed 11128K, reserved 1048576K
}
Event: 107.670 GC heap before
{Heap before GC invocations=42 (full 0):
 garbage-first heap   total 98304K, used 83705K [0x0000000080000000, 0x0000000100000000)
  region size 1024K, 16 young (16384K), 3 survivors (3072K)
 Metaspace       used 79327K, capacity 81382K, committed 81528K, reserved 1120256K
  class space    used 10311K, capacity 11096K, committed 11128K, reserved 1048576K
}
Event: 107.690 GC heap after
{Heap after GC invocations=43 (full 0):
 garbage-first heap   total 98304K, used 72248K [0x0000000080000000, 0x0000000100000000)
  region size 1024K, 2 young (2048K), 2 survivors (2048K)
 Metaspace       used 79327K, capacity 81382K, committed 81528K, reserved 1120256K
  class space    used 10311K, capacity 11096K, committed 11128K, reserved 1048576K
}
Event: 108.520 GC heap before
{Heap before GC invocations=43 (full 0):
 garbage-first heap   total 98304K, used 83512K [0x0000000080000000, 0x0000000100000000)
  region size 1024K, 13 young (13312K), 2 survivors (2048K)
 Metaspace       used 79346K, capacity 81388K, committed 81528K, reserved 1120256K
  class space    used 10311K, capacity 11097K, committed 11128K, reserved 1048576K
}
Event: 108.533 GC heap after
{Heap after GC invocations=44 (full 0):
 garbage-first heap   total 98304K, used 73723K [0x0000000080000000, 0x0000000100000000)
  region size 1024K, 2 young (2048K), 2 survivors (2048K)
 Metaspace       used 79346K, capacity 81388K, committed 81528K, reserved 1120256K
  class space    used 10311K, capacity 11097K, committed 11128K, reserved 1048576K
}
Event: 109.050 GC heap before
{Heap before GC invocations=45 (full 0):
 garbage-first heap   total 98304K, used 83963K [0x0000000080000000, 0x0000000100000000)
  region size 1024K, 12 young (12288K), 2 survivors (2048K)
 Metaspace       used 79381K, capacity 81388K, committed 81528K, reserved 1120256K
  class space    used 10311K, capacity 11097K, committed 11128K, reserved 1048576K
}
Event: 109.064 GC heap after
{Heap after GC invocations=46 (full 0):
 garbage-first heap   total 98304K, used 75101K [0x0000000080000000, 0x0000000100000000)
  region size 1024K, 2 young (2048K), 2 survivors (2048K)
 Metaspace       used 79381K, capacity 81388K, committed 81528K, reserved 1120256K
  class space    used 10311K, capacity 11097K, committed 11128K, reserved 1048576K
}
Event: 109.301 GC heap before
{Heap before GC invocations=46 (full 0):
 garbage-first heap   total 98304K, used 84317K [0x0000000080000000, 0x0000000100000000)
  region size 1024K, 11 young (11264K), 2 survivors (2048K)
 Metaspace       used 79388K, capacity 81388K, committed 81528K, reserved 1120256K
  class space    used 10311K, capacity 11097K, committed 11128K, reserved 1048576K
}
Event: 109.313 GC heap after
{Heap after GC invocations=47 (full 0):
 garbage-first heap   total 98304K, used 76393K [0x0000000080000000, 0x0000000100000000)
  region size 1024K, 2 young (2048K), 2 survivors (2048K)
 Metaspace       used 79388K, capacity 81388K, committed 81528K, reserved 1120256K
  class space    used 10311K, capacity 11097K, committed 11128K, reserved 1048576K
}
Event: 110.410 GC heap before
{Heap before GC invocations=48 (full 0):
 garbage-first heap   total 98304K, used 83561K [0x0000000080000000, 0x0000000100000000)
  region size 1024K, 9 young (9216K), 2 survivors (2048K)
 Metaspace       used 79393K, capacity 81452K, committed 81528K, reserved 1120256K
  class space    used 10311K, capacity 11097K, committed 11128K, reserved 1048576K
}
Event: 110.425 GC heap after
{Heap after GC invocations=49 (full 0):
 garbage-first heap   total 98304K, used 77503K [0x0000000080000000, 0x0000000100000000)
  region size 1024K, 2 young (2048K), 2 survivors (2048K)
 Metaspace       used 79393K, capacity 81452K, committed 81528K, reserved 1120256K
  class space    used 10311K, capacity 11097K, committed 11128K, reserved 1048576K
}
Event: 110.844 GC heap before
{Heap before GC invocations=49 (full 0):
 garbage-first heap   total 98304K, used 83647K [0x0000000080000000, 0x0000000100000000)
  region size 1024K, 8 young (8192K), 2 survivors (2048K)
 Metaspace       used 79403K, capacity 81452K, committed 81528K, reserved 1120256K
  class space    used 10311K, capacity 11097K, committed 11128K, reserved 1048576K
}
Event: 110.853 GC heap after
{Heap after GC invocations=50 (full 0):
 garbage-first heap   total 98304K, used 78330K [0x0000000080000000, 0x0000000100000000)
  region size 1024K, 1 young (1024K), 1 survivors (1024K)
 Metaspace       used 79403K, capacity 81452K, committed 81528K, reserved 1120256K
  class space    used 10311K, capacity 11097K, committed 11128K, reserved 1048576K
}
Event: 111.339 GC heap before
{Heap before GC invocations=50 (full 0):
 garbage-first heap   total 98304K, used 85498K [0x0000000080000000, 0x0000000100000000)
  region size 1024K, 8 young (8192K), 1 survivors (1024K)
 Metaspace       used 79412K, capacity 81458K, committed 81528K, reserved 1120256K
  class space    used 10312K, capacity 11098K, committed 11128K, reserved 1048576K
}
Event: 111.353 GC heap after
{Heap after GC invocations=51 (full 0):
 garbage-first heap   total 98304K, used 79436K [0x0000000080000000, 0x0000000100000000)
  region size 1024K, 1 young (1024K), 1 survivors (1024K)
 Metaspace       used 79412K, capacity 81458K, committed 81528K, reserved 1120256K
  class space    used 10312K, capacity 11098K, committed 11128K, reserved 1048576K
}

