# JRE version: OpenJDK Runtime Environment (11.0.10) (build 11.0.10+0-b96-7249189)
# Java VM: OpenJDK 64-Bit Server VM (11.0.10+0-b96-7249189, mixed mode, tiered, compressed oops, g1 gc, windows-amd64)
Heap:
 garbage-first heap   total 378880K, used 321132K [0x0000000080000000, 0x0000000100000000)
  region size 1024K, 68 young (69632K), 4 survivors (4096K)
 Metaspace       used 171110K, capacity 176250K, committed 176460K, reserved 1202176K
  class space    used 22098K, capacity 24053K, committed 24140K, reserved 1048576K
GC Heap History (20 events):
Event: 697.971 GC heap after
{Heap after GC invocations=170 (full 1):
 garbage-first heap   total 378880K, used 235472K [0x0000000080000000, 0x0000000100000000)
  region size 1024K, 2 young (2048K), 2 survivors (2048K)
 Metaspace       used 170005K, capacity 175077K, committed 175308K, reserved 1200128K
  class space    used 22016K, capacity 23982K, committed 24012K, reserved 1048576K
}
Event: 700.278 GC heap before
{Heap before GC invocations=170 (full 1):
 garbage-first heap   total 378880K, used 305104K [0x0000000080000000, 0x0000000100000000)
  region size 1024K, 70 young (71680K), 2 survivors (2048K)
 Metaspace       used 170060K, capacity 175084K, committed 175308K, reserved 1200128K
  class space    used 22017K, capacity 23984K, committed 24012K, reserved 1048576K
}
Event: 700.288 GC heap after
{Heap after GC invocations=171 (full 1):
 garbage-first heap   total 378880K, used 235856K [0x0000000080000000, 0x0000000100000000)
  region size 1024K, 2 young (2048K), 2 survivors (2048K)
 Metaspace       used 170060K, capacity 175084K, committed 175308K, reserved 1200128K
  class space    used 22017K, capacity 23984K, committed 24012K, reserved 1048576K
}
Event: 705.883 GC heap before
{Heap before GC invocations=171 (full 1):
 garbage-first heap   total 378880K, used 313680K [0x0000000080000000, 0x0000000100000000)
  region size 1024K, 78 young (79872K), 2 survivors (2048K)
 Metaspace       used 170117K, capacity 175230K, committed 175308K, reserved 1200128K
  class space    used 22021K, capacity 23990K, committed 24012K, reserved 1048576K
}
Event: 705.900 GC heap after
{Heap after GC invocations=172 (full 1):
 garbage-first heap   total 378880K, used 236312K [0x0000000080000000, 0x0000000100000000)
  region size 1024K, 3 young (3072K), 3 survivors (3072K)
 Metaspace       used 170117K, capacity 175230K, committed 175308K, reserved 1200128K
  class space    used 22021K, capacity 23990K, committed 24012K, reserved 1048576K
}
Event: 710.665 GC heap before
{Heap before GC invocations=172 (full 1):
 garbage-first heap   total 378880K, used 317208K [0x0000000080000000, 0x0000000100000000)
  region size 1024K, 82 young (83968K), 3 survivors (3072K)
 Metaspace       used 170137K, capacity 175233K, committed 175308K, reserved 1200128K
  class space    used 22021K, capacity 23991K, committed 24012K, reserved 1048576K
}
Event: 710.680 GC heap after
{Heap after GC invocations=173 (full 1):
 garbage-first heap   total 378880K, used 236901K [0x0000000080000000, 0x0000000100000000)
  region size 1024K, 3 young (3072K), 3 survivors (3072K)
 Metaspace       used 170137K, capacity 175233K, committed 175308K, reserved 1200128K
  class space    used 22021K, capacity 23991K, committed 24012K, reserved 1048576K
}
Event: 715.985 GC heap before
{Heap before GC invocations=173 (full 1):
 garbage-first heap   total 378880K, used 322917K [0x0000000080000000, 0x0000000100000000)
  region size 1024K, 87 young (89088K), 3 survivors (3072K)
 Metaspace       used 170174K, capacity 175310K, committed 175564K, reserved 1200128K
  class space    used 22024K, capacity 23995K, committed 24012K, reserved 1048576K
}
Event: 716.007 GC heap after
{Heap after GC invocations=174 (full 1):
 garbage-first heap   total 378880K, used 237376K [0x0000000080000000, 0x0000000100000000)
  region size 1024K, 4 young (4096K), 4 survivors (4096K)
 Metaspace       used 170174K, capacity 175310K, committed 175564K, reserved 1200128K
  class space    used 22024K, capacity 23995K, committed 24012K, reserved 1048576K
}
Event: 718.571 GC heap before
{Heap before GC invocations=174 (full 1):
 garbage-first heap   total 378880K, used 323392K [0x0000000080000000, 0x0000000100000000)
  region size 1024K, 88 young (90112K), 4 survivors (4096K)
 Metaspace       used 170196K, capacity 175325K, committed 175564K, reserved 1200128K
  class space    used 22027K, capacity 24000K, committed 24012K, reserved 1048576K
}
Event: 718.593 GC heap after
{Heap after GC invocations=175 (full 1):
 garbage-first heap   total 378880K, used 238243K [0x0000000080000000, 0x0000000100000000)
  region size 1024K, 4 young (4096K), 4 survivors (4096K)
 Metaspace       used 170196K, capacity 175325K, committed 175564K, reserved 1200128K
  class space    used 22027K, capacity 24000K, committed 24012K, reserved 1048576K
}
Event: 720.735 GC heap before
{Heap before GC invocations=175 (full 1):
 garbage-first heap   total 378880K, used 326307K [0x0000000080000000, 0x0000000100000000)
  region size 1024K, 90 young (92160K), 4 survivors (4096K)
 Metaspace       used 170701K, capacity 175721K, committed 175948K, reserved 1202176K
  class space    used 22093K, capacity 24046K, committed 24140K, reserved 1048576K
}
Event: 720.757 GC heap after
{Heap after GC invocations=176 (full 1):
 garbage-first heap   total 378880K, used 239305K [0x0000000080000000, 0x0000000100000000)
  region size 1024K, 5 young (5120K), 5 survivors (5120K)
 Metaspace       used 170701K, capacity 175721K, committed 175948K, reserved 1202176K
  class space    used 22093K, capacity 24046K, committed 24140K, reserved 1048576K
}
Event: 722.068 GC heap before
{Heap before GC invocations=176 (full 1):
 garbage-first heap   total 378880K, used 326345K [0x0000000080000000, 0x0000000100000000)
  region size 1024K, 90 young (92160K), 5 survivors (5120K)
 Metaspace       used 170714K, capacity 175725K, committed 175948K, reserved 1202176K
  class space    used 22093K, capacity 24046K, committed 24140K, reserved 1048576K
}
Event: 722.091 GC heap after
{Heap after GC invocations=177 (full 1):
 garbage-first heap   total 378880K, used 239305K [0x0000000080000000, 0x0000000100000000)
  region size 1024K, 5 young (5120K), 5 survivors (5120K)
 Metaspace       used 170714K, capacity 175725K, committed 175948K, reserved 1202176K
  class space    used 22093K, capacity 24046K, committed 24140K, reserved 1048576K
}
Event: 723.786 GC heap before
{Heap before GC invocations=177 (full 1):
 garbage-first heap   total 378880K, used 327369K [0x0000000080000000, 0x0000000100000000)
  region size 1024K, 91 young (93184K), 5 survivors (5120K)
 Metaspace       used 170721K, capacity 175789K, committed 175948K, reserved 1202176K
  class space    used 22093K, capacity 24046K, committed 24140K, reserved 1048576K
}
Event: 723.812 GC heap after
{Heap after GC invocations=178 (full 1):
 garbage-first heap   total 378880K, used 240238K [0x0000000080000000, 0x0000000100000000)
  region size 1024K, 6 young (6144K), 6 survivors (6144K)
 Metaspace       used 170721K, capacity 175789K, committed 175948K, reserved 1202176K
  class space    used 22093K, capacity 24046K, committed 24140K, reserved 1048576K
}
Event: 726.353 GC heap before
{Heap before GC invocations=178 (full 1):
 garbage-first heap   total 378880K, used 330350K [0x0000000080000000, 0x0000000100000000)
  region size 1024K, 92 young (94208K), 6 survivors (6144K)
 Metaspace       used 170983K, capacity 176102K, committed 176204K, reserved 1202176K
  class space    used 22096K, capacity 24051K, committed 24140K, reserved 1048576K
}
Event: 726.380 GC heap after
{Heap after GC invocations=179 (full 1):
 garbage-first heap   total 378880K, used 241104K [0x0000000080000000, 0x0000000100000000)
  region size 1024K, 7 young (7168K), 7 survivors (7168K)
 Metaspace       used 170983K, capacity 176102K, committed 176204K, reserved 1202176K
  class space    used 22096K, capacity 24051K, committed 24140K, reserved 1048576K
}
Event: 727.868 GC heap before
{Heap before GC invocations=179 (full 1):
 garbage-first heap   total 378880K, used 327120K [0x0000000080000000, 0x0000000100000000)
  region size 1024K, 92 young (94208K), 7 survivors (7168K)
 Metaspace       used 171047K, capacity 176177K, committed 176460K, reserved 1202176K
  class space    used 22096K, capacity 24051K, committed 24140K, reserved 1048576K
}

