# JRE version: OpenJDK Runtime Environment (11.0.10) (build 11.0.10+0-b96-7249189)
# Java VM: OpenJDK 64-Bit Server VM (11.0.10+0-b96-7249189, mixed mode, tiered, compressed oops, g1 gc, windows-amd64)
Heap:
 garbage-first heap   total 248832K, used 164911K [0x0000000080000000, 0x0000000100000000)
  region size 1024K, 2 young (2048K), 2 survivors (2048K)
 Metaspace       used 139352K, capacity 143639K, committed 143792K, reserved 1173504K
  class space    used 18122K, capacity 19691K, committed 19712K, reserved 1048576K
GC Heap History (20 events):
Event: 1834.040 GC heap after
{Heap after GC invocations=103 (full 0):
 garbage-first heap   total 206848K, used 158110K [0x0000000080000000, 0x0000000100000000)
  region size 1024K, 2 young (2048K), 2 survivors (2048K)
 Metaspace       used 138958K, capacity 143216K, committed 143536K, reserved 1173504K
  class space    used 18074K, capacity 19642K, committed 19712K, reserved 1048576K
}
Event: 1834.695 GC heap before
{Heap before GC invocations=103 (full 0):
 garbage-first heap   total 206848K, used 165278K [0x0000000080000000, 0x0000000100000000)
  region size 1024K, 10 young (10240K), 2 survivors (2048K)
 Metaspace       used 138963K, capacity 143217K, committed 143536K, reserved 1173504K
  class space    used 18074K, capacity 19642K, committed 19712K, reserved 1048576K
}
Event: 1834.718 GC heap after
{Heap after GC invocations=104 (full 0):
 garbage-first heap   total 206848K, used 157107K [0x0000000080000000, 0x0000000100000000)
  region size 1024K, 1 young (1024K), 1 survivors (1024K)
 Metaspace       used 138963K, capacity 143217K, committed 143536K, reserved 1173504K
  class space    used 18074K, capacity 19642K, committed 19712K, reserved 1048576K
}
Event: 1836.485 GC heap before
{Heap before GC invocations=104 (full 0):
 garbage-first heap   total 206848K, used 175539K [0x0000000080000000, 0x0000000100000000)
  region size 1024K, 20 young (20480K), 1 survivors (1024K)
 Metaspace       used 139004K, capacity 143228K, committed 143536K, reserved 1173504K
  class space    used 18074K, capacity 19642K, committed 19712K, reserved 1048576K
}
Event: 1836.495 GC heap after
{Heap after GC invocations=105 (full 0):
 garbage-first heap   total 206848K, used 157907K [0x0000000080000000, 0x0000000100000000)
  region size 1024K, 2 young (2048K), 2 survivors (2048K)
 Metaspace       used 139004K, capacity 143228K, committed 143536K, reserved 1173504K
  class space    used 18074K, capacity 19642K, committed 19712K, reserved 1048576K
}
Event: 1837.998 GC heap before
{Heap before GC invocations=105 (full 0):
 garbage-first heap   total 206848K, used 176339K [0x0000000080000000, 0x0000000100000000)
  region size 1024K, 21 young (21504K), 2 survivors (2048K)
 Metaspace       used 139038K, capacity 143295K, committed 143536K, reserved 1173504K
  class space    used 18074K, capacity 19642K, committed 19712K, reserved 1048576K
}
Event: 1838.014 GC heap after
{Heap after GC invocations=106 (full 0):
 garbage-first heap   total 206848K, used 158847K [0x0000000080000000, 0x0000000100000000)
  region size 1024K, 3 young (3072K), 3 survivors (3072K)
 Metaspace       used 139038K, capacity 143295K, committed 143536K, reserved 1173504K
  class space    used 18074K, capacity 19642K, committed 19712K, reserved 1048576K
}
Event: 1839.068 GC heap before
{Heap before GC invocations=106 (full 0):
 garbage-first heap   total 206848K, used 162943K [0x0000000080000000, 0x0000000100000000)
  region size 1024K, 8 young (8192K), 3 survivors (3072K)
 Metaspace       used 139207K, capacity 143497K, committed 143536K, reserved 1173504K
  class space    used 18105K, capacity 19689K, committed 19712K, reserved 1048576K
}
Event: 1839.109 GC heap after
{Heap after GC invocations=107 (full 0):
 garbage-first heap   total 206848K, used 159232K [0x0000000080000000, 0x0000000100000000)
  region size 1024K, 2 young (2048K), 2 survivors (2048K)
 Metaspace       used 139207K, capacity 143497K, committed 143536K, reserved 1173504K
  class space    used 18105K, capacity 19689K, committed 19712K, reserved 1048576K
}
Event: 1840.408 GC heap before
{Heap before GC invocations=107 (full 0):
 garbage-first heap   total 206848K, used 176640K [0x0000000080000000, 0x0000000100000000)
  region size 1024K, 19 young (19456K), 2 survivors (2048K)
 Metaspace       used 139212K, capacity 143498K, committed 143536K, reserved 1173504K
  class space    used 18105K, capacity 19689K, committed 19712K, reserved 1048576K
}
Event: 1840.424 GC heap after
{Heap after GC invocations=108 (full 0):
 garbage-first heap   total 206848K, used 160861K [0x0000000080000000, 0x0000000100000000)
  region size 1024K, 3 young (3072K), 3 survivors (3072K)
 Metaspace       used 139212K, capacity 143498K, committed 143536K, reserved 1173504K
  class space    used 18105K, capacity 19689K, committed 19712K, reserved 1048576K
}
Event: 1842.325 GC heap before
{Heap before GC invocations=109 (full 0):
 garbage-first heap   total 206848K, used 176221K [0x0000000080000000, 0x0000000100000000)
  region size 1024K, 19 young (19456K), 3 survivors (3072K)
 Metaspace       used 139259K, capacity 143572K, committed 143792K, reserved 1173504K
  class space    used 18115K, capacity 19691K, committed 19712K, reserved 1048576K
}
Event: 1842.346 GC heap after
{Heap after GC invocations=110 (full 0):
 garbage-first heap   total 206848K, used 161672K [0x0000000080000000, 0x0000000100000000)
  region size 1024K, 1 young (1024K), 1 survivors (1024K)
 Metaspace       used 139259K, capacity 143572K, committed 143792K, reserved 1173504K
  class space    used 18115K, capacity 19691K, committed 19712K, reserved 1048576K
}
Event: 1844.088 GC heap before
{Heap before GC invocations=110 (full 0):
 garbage-first heap   total 206848K, used 169864K [0x0000000080000000, 0x0000000100000000)
  region size 1024K, 10 young (10240K), 1 survivors (1024K)
 Metaspace       used 139283K, capacity 143574K, committed 143792K, reserved 1173504K
  class space    used 18115K, capacity 19691K, committed 19712K, reserved 1048576K
}
Event: 1844.163 GC heap after
{Heap after GC invocations=111 (full 0):
 garbage-first heap   total 206848K, used 161591K [0x0000000080000000, 0x0000000100000000)
  region size 1024K, 2 young (2048K), 2 survivors (2048K)
 Metaspace       used 139283K, capacity 143574K, committed 143792K, reserved 1173504K
  class space    used 18115K, capacity 19691K, committed 19712K, reserved 1048576K
}
Event: 1845.965 GC heap before
{Heap before GC invocations=111 (full 0):
 garbage-first heap   total 206848K, used 176951K [0x0000000080000000, 0x0000000100000000)
  region size 1024K, 18 young (18432K), 2 survivors (2048K)
 Metaspace       used 139352K, capacity 143639K, committed 143792K, reserved 1173504K
  class space    used 18122K, capacity 19691K, committed 19712K, reserved 1048576K
}
Event: 1845.986 GC heap after
{Heap after GC invocations=112 (full 0):
 garbage-first heap   total 206848K, used 163418K [0x0000000080000000, 0x0000000100000000)
  region size 1024K, 3 young (3072K), 3 survivors (3072K)
 Metaspace       used 139352K, capacity 143639K, committed 143792K, reserved 1173504K
  class space    used 18122K, capacity 19691K, committed 19712K, reserved 1048576K
}
Event: 1847.241 GC heap before
{Heap before GC invocations=112 (full 0):
 garbage-first heap   total 206848K, used 177754K [0x0000000080000000, 0x0000000100000000)
  region size 1024K, 18 young (18432K), 3 survivors (3072K)
 Metaspace       used 139352K, capacity 143639K, committed 143792K, reserved 1173504K
  class space    used 18122K, capacity 19691K, committed 19712K, reserved 1048576K
}
Event: 1847.264 GC heap after
{Heap after GC invocations=113 (full 0):
 garbage-first heap   total 206848K, used 164281K [0x0000000080000000, 0x0000000100000000)
  region size 1024K, 1 young (1024K), 1 survivors (1024K)
 Metaspace       used 139352K, capacity 143639K, committed 143792K, reserved 1173504K
  class space    used 18122K, capacity 19691K, committed 19712K, reserved 1048576K
}
Event: 1848.547 GC heap before
{Heap before GC invocations=113 (full 0):
 garbage-first heap   total 206848K, used 179641K [0x0000000080000000, 0x0000000100000000)
  region size 1024K, 16 young (16384K), 1 survivors (1024K)
 Metaspace       used 139352K, capacity 143639K, committed 143792K, reserved 1173504K
  class space    used 18122K, capacity 19691K, committed 19712K, reserved 1048576K
}

