# JRE version: OpenJDK Runtime Environment (11.0.10) (build 11.0.10+0-b96-7249189)
# Java VM: OpenJDK 64-Bit Server VM (11.0.10+0-b96-7249189, mixed mode, tiered, compressed oops, g1 gc, windows-amd64)
Heap:
 garbage-first heap   total 206848K, used 132772K [0x0000000080000000, 0x0000000100000000)
  region size 1024K, 14 young (14336K), 6 survivors (6144K)
 Metaspace       used 95081K, capacity 98007K, committed 98252K, reserved 1134592K
  class space    used 12359K, capacity 13441K, committed 13568K, reserved 1048576K
GC Heap History (20 events):
Event: 87.061 GC heap before
{Heap before GC invocations=27 (full 0):
 garbage-first heap   total 172032K, used 141198K [0x0000000080000000, 0x0000000100000000)
  region size 1024K, 50 young (51200K), 6 survivors (6144K)
 Metaspace       used 89192K, capacity 91786K, committed 91852K, reserved 1128448K
  class space    used 11767K, capacity 12778K, committed 12800K, reserved 1048576K
}
Event: 87.118 GC heap after
{Heap after GC invocations=28 (full 0):
 garbage-first heap   total 172032K, used 100092K [0x0000000080000000, 0x0000000100000000)
  region size 1024K, 4 young (4096K), 4 survivors (4096K)
 Metaspace       used 89192K, capacity 91786K, committed 91852K, reserved 1128448K
  class space    used 11767K, capacity 12778K, committed 12800K, reserved 1048576K
}
Event: 92.224 GC heap before
{Heap before GC invocations=29 (full 0):
 garbage-first heap   total 172032K, used 143100K [0x0000000080000000, 0x0000000100000000)
  region size 1024K, 47 young (48128K), 4 survivors (4096K)
 Metaspace       used 89653K, capacity 92311K, committed 92492K, reserved 1128448K
  class space    used 11802K, capacity 12833K, committed 12928K, reserved 1048576K
}
Event: 92.267 GC heap after
{Heap after GC invocations=30 (full 0):
 garbage-first heap   total 206848K, used 102885K [0x0000000080000000, 0x0000000100000000)
  region size 1024K, 3 young (3072K), 3 survivors (3072K)
 Metaspace       used 89653K, capacity 92311K, committed 92492K, reserved 1128448K
  class space    used 11802K, capacity 12833K, committed 12928K, reserved 1048576K
}
Event: 98.040 GC heap before
{Heap before GC invocations=30 (full 0):
 garbage-first heap   total 206848K, used 161253K [0x0000000080000000, 0x0000000100000000)
  region size 1024K, 61 young (62464K), 3 survivors (3072K)
 Metaspace       used 90029K, capacity 92693K, committed 93004K, reserved 1130496K
  class space    used 11814K, capacity 12837K, committed 12928K, reserved 1048576K
}
Event: 98.082 GC heap after
{Heap after GC invocations=31 (full 0):
 garbage-first heap   total 206848K, used 106891K [0x0000000080000000, 0x0000000100000000)
  region size 1024K, 7 young (7168K), 7 survivors (7168K)
 Metaspace       used 90029K, capacity 92693K, committed 93004K, reserved 1130496K
  class space    used 11814K, capacity 12837K, committed 12928K, reserved 1048576K
}
Event: 105.672 GC heap before
{Heap before GC invocations=32 (full 0):
 garbage-first heap   total 206848K, used 164235K [0x0000000080000000, 0x0000000100000000)
  region size 1024K, 64 young (65536K), 7 survivors (7168K)
 Metaspace       used 90444K, capacity 93117K, committed 93260K, reserved 1130496K
  class space    used 11832K, capacity 12859K, committed 12928K, reserved 1048576K
}
Event: 105.749 GC heap after
{Heap after GC invocations=33 (full 0):
 garbage-first heap   total 206848K, used 110329K [0x0000000080000000, 0x0000000100000000)
  region size 1024K, 8 young (8192K), 8 survivors (8192K)
 Metaspace       used 90444K, capacity 93117K, committed 93260K, reserved 1130496K
  class space    used 11832K, capacity 12859K, committed 12928K, reserved 1048576K
}
Event: 120.888 GC heap before
{Heap before GC invocations=33 (full 0):
 garbage-first heap   total 206848K, used 166649K [0x0000000080000000, 0x0000000100000000)
  region size 1024K, 64 young (65536K), 8 survivors (8192K)
 Metaspace       used 90863K, capacity 93510K, committed 93772K, reserved 1130496K
  class space    used 11854K, capacity 12875K, committed 12928K, reserved 1048576K
}
Event: 120.946 GC heap after
{Heap after GC invocations=34 (full 0):
 garbage-first heap   total 206848K, used 114573K [0x0000000080000000, 0x0000000100000000)
  region size 1024K, 8 young (8192K), 8 survivors (8192K)
 Metaspace       used 90863K, capacity 93510K, committed 93772K, reserved 1130496K
  class space    used 11854K, capacity 12875K, committed 12928K, reserved 1048576K
}
Event: 130.415 GC heap before
{Heap before GC invocations=35 (full 0):
 garbage-first heap   total 206848K, used 168845K [0x0000000080000000, 0x0000000100000000)
  region size 1024K, 62 young (63488K), 8 survivors (8192K)
 Metaspace       used 91030K, capacity 93671K, committed 93772K, reserved 1130496K
  class space    used 11874K, capacity 12918K, committed 12928K, reserved 1048576K
}
Event: 130.487 GC heap after
{Heap after GC invocations=36 (full 0):
 garbage-first heap   total 206848K, used 116396K [0x0000000080000000, 0x0000000100000000)
  region size 1024K, 6 young (6144K), 6 survivors (6144K)
 Metaspace       used 91030K, capacity 93671K, committed 93772K, reserved 1130496K
  class space    used 11874K, capacity 12918K, committed 12928K, reserved 1048576K
}
Event: 134.939 GC heap before
{Heap before GC invocations=36 (full 0):
 garbage-first heap   total 206848K, used 170668K [0x0000000080000000, 0x0000000100000000)
  region size 1024K, 60 young (61440K), 6 survivors (6144K)
 Metaspace       used 91147K, capacity 93737K, committed 93772K, reserved 1130496K
  class space    used 11882K, capacity 12918K, committed 12928K, reserved 1048576K
}
Event: 134.992 GC heap after
{Heap after GC invocations=37 (full 0):
 garbage-first heap   total 206848K, used 118058K [0x0000000080000000, 0x0000000100000000)
  region size 1024K, 5 young (5120K), 5 survivors (5120K)
 Metaspace       used 91147K, capacity 93737K, committed 93772K, reserved 1130496K
  class space    used 11882K, capacity 12918K, committed 12928K, reserved 1048576K
}
Event: 141.264 GC heap before
{Heap before GC invocations=38 (full 0):
 garbage-first heap   total 206848K, used 172330K [0x0000000080000000, 0x0000000100000000)
  region size 1024K, 59 young (60416K), 5 survivors (5120K)
 Metaspace       used 91225K, capacity 93930K, committed 94028K, reserved 1130496K
  class space    used 11882K, capacity 12918K, committed 12928K, reserved 1048576K
}
Event: 141.324 GC heap after
{Heap after GC invocations=39 (full 0):
 garbage-first heap   total 206848K, used 120264K [0x0000000080000000, 0x0000000100000000)
  region size 1024K, 7 young (7168K), 7 survivors (7168K)
 Metaspace       used 91225K, capacity 93930K, committed 94028K, reserved 1130496K
  class space    used 11882K, capacity 12918K, committed 12928K, reserved 1048576K
}
Event: 146.089 GC heap before
{Heap before GC invocations=39 (full 0):
 garbage-first heap   total 206848K, used 159176K [0x0000000080000000, 0x0000000100000000)
  region size 1024K, 47 young (48128K), 7 survivors (7168K)
 Metaspace       used 91954K, capacity 94727K, committed 95052K, reserved 1130496K
  class space    used 12007K, capacity 13064K, committed 13184K, reserved 1048576K
}
Event: 146.128 GC heap after
{Heap after GC invocations=40 (full 0):
 garbage-first heap   total 206848K, used 123197K [0x0000000080000000, 0x0000000100000000)
  region size 1024K, 7 young (7168K), 7 survivors (7168K)
 Metaspace       used 91954K, capacity 94727K, committed 95052K, reserved 1130496K
  class space    used 12007K, capacity 13064K, committed 13184K, reserved 1048576K
}
Event: 423.119 GC heap before
{Heap before GC invocations=41 (full 0):
 garbage-first heap   total 206848K, used 173373K [0x0000000080000000, 0x0000000100000000)
  region size 1024K, 56 young (57344K), 7 survivors (7168K)
 Metaspace       used 94909K, capacity 97767K, committed 97868K, reserved 1134592K
  class space    used 12354K, capacity 13432K, committed 13440K, reserved 1048576K
}
Event: 423.190 GC heap after
{Heap after GC invocations=42 (full 0):
 garbage-first heap   total 206848K, used 125604K [0x0000000080000000, 0x0000000100000000)
  region size 1024K, 6 young (6144K), 6 survivors (6144K)
 Metaspace       used 94909K, capacity 97767K, committed 97868K, reserved 1134592K
  class space    used 12354K, capacity 13432K, committed 13440K, reserved 1048576K
}

