# JRE version: OpenJDK Runtime Environment (11.0.10) (build 11.0.10+0-b96-7249189)
# Java VM: OpenJDK 64-Bit Server VM (11.0.10+0-b96-7249189, mixed mode, tiered, compressed oops, g1 gc, windows-amd64)
Heap:
 garbage-first heap   total 541696K, used 413176K [0x0000000080000000, 0x0000000100000000)
  region size 1024K, 23 young (23552K), 6 survivors (6144K)
 Metaspace       used 116743K, capacity 120360K, committed 120780K, reserved 1153024K
  class space    used 15357K, capacity 16783K, committed 16896K, reserved 1048576K
GC Heap History (20 events):
Event: 370.364 GC heap before
{Heap before GC invocations=128 (full 0):
 garbage-first heap   total 476160K, used 404023K [0x0000000080000000, 0x0000000100000000)
  region size 1024K, 77 young (78848K), 6 survivors (6144K)
 Metaspace       used 116571K, capacity 120136K, committed 120524K, reserved 1153024K
  class space    used 15334K, capacity 16751K, committed 16896K, reserved 1048576K
}
Event: 370.416 GC heap after
{Heap after GC invocations=129 (full 0):
 garbage-first heap   total 476160K, used 336671K [0x0000000080000000, 0x0000000100000000)
  region size 1024K, 6 young (6144K), 6 survivors (6144K)
 Metaspace       used 116571K, capacity 120136K, committed 120524K, reserved 1153024K
  class space    used 15334K, capacity 16751K, committed 16896K, reserved 1048576K
}
Event: 372.190 GC heap before
{Heap before GC invocations=129 (full 0):
 garbage-first heap   total 476160K, used 406303K [0x0000000080000000, 0x0000000100000000)
  region size 1024K, 74 young (75776K), 6 survivors (6144K)
 Metaspace       used 116669K, capacity 120200K, committed 120524K, reserved 1153024K
  class space    used 15349K, capacity 16751K, committed 16896K, reserved 1048576K
}
Event: 372.228 GC heap after
{Heap after GC invocations=130 (full 0):
 garbage-first heap   total 476160K, used 342331K [0x0000000080000000, 0x0000000100000000)
  region size 1024K, 6 young (6144K), 6 survivors (6144K)
 Metaspace       used 116669K, capacity 120200K, committed 120524K, reserved 1153024K
  class space    used 15349K, capacity 16751K, committed 16896K, reserved 1048576K
}
Event: 373.095 GC heap before
{Heap before GC invocations=130 (full 0):
 garbage-first heap   total 476160K, used 408891K [0x0000000080000000, 0x0000000100000000)
  region size 1024K, 71 young (72704K), 6 survivors (6144K)
 Metaspace       used 116690K, capacity 120264K, committed 120524K, reserved 1153024K
  class space    used 15351K, capacity 16751K, committed 16896K, reserved 1048576K
}
Event: 373.139 GC heap after
{Heap after GC invocations=131 (full 0):
 garbage-first heap   total 476160K, used 348194K [0x0000000080000000, 0x0000000100000000)
  region size 1024K, 6 young (6144K), 6 survivors (6144K)
 Metaspace       used 116690K, capacity 120264K, committed 120524K, reserved 1153024K
  class space    used 15351K, capacity 16751K, committed 16896K, reserved 1048576K
}
Event: 373.970 GC heap before
{Heap before GC invocations=131 (full 0):
 garbage-first heap   total 476160K, used 410658K [0x0000000080000000, 0x0000000100000000)
  region size 1024K, 67 young (68608K), 6 survivors (6144K)
 Metaspace       used 116695K, capacity 120296K, committed 120524K, reserved 1153024K
  class space    used 15352K, capacity 16783K, committed 16896K, reserved 1048576K
}
Event: 374.012 GC heap after
{Heap after GC invocations=132 (full 0):
 garbage-first heap   total 476160K, used 353280K [0x0000000080000000, 0x0000000100000000)
  region size 1024K, 5 young (5120K), 5 survivors (5120K)
 Metaspace       used 116695K, capacity 120296K, committed 120524K, reserved 1153024K
  class space    used 15352K, capacity 16783K, committed 16896K, reserved 1048576K
}
Event: 374.597 GC heap before
{Heap before GC invocations=132 (full 0):
 garbage-first heap   total 476160K, used 412672K [0x0000000080000000, 0x0000000100000000)
  region size 1024K, 63 young (64512K), 5 survivors (5120K)
 Metaspace       used 116698K, capacity 120296K, committed 120524K, reserved 1153024K
  class space    used 15353K, capacity 16783K, committed 16896K, reserved 1048576K
}
Event: 374.644 GC heap after
{Heap after GC invocations=133 (full 0):
 garbage-first heap   total 476160K, used 360382K [0x0000000080000000, 0x0000000100000000)
  region size 1024K, 7 young (7168K), 7 survivors (7168K)
 Metaspace       used 116698K, capacity 120296K, committed 120524K, reserved 1153024K
  class space    used 15353K, capacity 16783K, committed 16896K, reserved 1048576K
}
Event: 375.261 GC heap before
{Heap before GC invocations=133 (full 0):
 garbage-first heap   total 476160K, used 413630K [0x0000000080000000, 0x0000000100000000)
  region size 1024K, 59 young (60416K), 7 survivors (7168K)
 Metaspace       used 116709K, capacity 120296K, committed 120524K, reserved 1153024K
  class space    used 15355K, capacity 16783K, committed 16896K, reserved 1048576K
}
Event: 375.320 GC heap after
{Heap after GC invocations=134 (full 0):
 garbage-first heap   total 476160K, used 367214K [0x0000000080000000, 0x0000000100000000)
  region size 1024K, 7 young (7168K), 7 survivors (7168K)
 Metaspace       used 116709K, capacity 120296K, committed 120524K, reserved 1153024K
  class space    used 15355K, capacity 16783K, committed 16896K, reserved 1048576K
}
Event: 375.896 GC heap before
{Heap before GC invocations=134 (full 0):
 garbage-first heap   total 476160K, used 414318K [0x0000000080000000, 0x0000000100000000)
  region size 1024K, 53 young (54272K), 7 survivors (7168K)
 Metaspace       used 116709K, capacity 120296K, committed 120524K, reserved 1153024K
  class space    used 15355K, capacity 16783K, committed 16896K, reserved 1048576K
}
Event: 375.955 GC heap after
{Heap after GC invocations=135 (full 0):
 garbage-first heap   total 476160K, used 373662K [0x0000000080000000, 0x0000000100000000)
  region size 1024K, 7 young (7168K), 7 survivors (7168K)
 Metaspace       used 116709K, capacity 120296K, committed 120524K, reserved 1153024K
  class space    used 15355K, capacity 16783K, committed 16896K, reserved 1048576K
}
Event: 376.376 GC heap before
{Heap before GC invocations=135 (full 0):
 garbage-first heap   total 476160K, used 414622K [0x0000000080000000, 0x0000000100000000)
  region size 1024K, 47 young (48128K), 7 survivors (7168K)
 Metaspace       used 116709K, capacity 120296K, committed 120524K, reserved 1153024K
  class space    used 15355K, capacity 16783K, committed 16896K, reserved 1048576K
}
Event: 376.413 GC heap after
{Heap after GC invocations=136 (full 0):
 garbage-first heap   total 476160K, used 379060K [0x0000000080000000, 0x0000000100000000)
  region size 1024K, 6 young (6144K), 6 survivors (6144K)
 Metaspace       used 116709K, capacity 120296K, committed 120524K, reserved 1153024K
  class space    used 15355K, capacity 16783K, committed 16896K, reserved 1048576K
}
Event: 376.800 GC heap before
{Heap before GC invocations=136 (full 0):
 garbage-first heap   total 476160K, used 415924K [0x0000000080000000, 0x0000000100000000)
  region size 1024K, 42 young (43008K), 6 survivors (6144K)
 Metaspace       used 116723K, capacity 120360K, committed 120780K, reserved 1153024K
  class space    used 15356K, capacity 16783K, committed 16896K, reserved 1048576K
}
Event: 376.841 GC heap after
{Heap after GC invocations=137 (full 0):
 garbage-first heap   total 541696K, used 384057K [0x0000000080000000, 0x0000000100000000)
  region size 1024K, 5 young (5120K), 5 survivors (5120K)
 Metaspace       used 116723K, capacity 120360K, committed 120780K, reserved 1153024K
  class space    used 15356K, capacity 16783K, committed 16896K, reserved 1048576K
}
Event: 377.969 GC heap before
{Heap before GC invocations=137 (full 0):
 garbage-first heap   total 541696K, used 456761K [0x0000000080000000, 0x0000000100000000)
  region size 1024K, 76 young (77824K), 5 survivors (5120K)
 Metaspace       used 116740K, capacity 120360K, committed 120780K, reserved 1153024K
  class space    used 15357K, capacity 16783K, committed 16896K, reserved 1048576K
}
Event: 378.028 GC heap after
{Heap after GC invocations=138 (full 0):
 garbage-first heap   total 541696K, used 390670K [0x0000000080000000, 0x0000000100000000)
  region size 1024K, 10 young (10240K), 10 survivors (10240K)
 Metaspace       used 116740K, capacity 120360K, committed 120780K, reserved 1153024K
  class space    used 15357K, capacity 16783K, committed 16896K, reserved 1048576K
}

