# JRE version: OpenJDK Runtime Environment (11.0.10) (build 11.0.10+0-b96-7249189)
# Java VM: OpenJDK 64-Bit Server VM (11.0.10+0-b96-7249189, mixed mode, tiered, compressed oops, g1 gc, windows-amd64)
Heap:
 garbage-first heap   total 207872K, used 156598K [0x0000000080000000, 0x0000000100000000)
  region size 1024K, 12 young (12288K), 3 survivors (3072K)
 Metaspace       used 127594K, capacity 131512K, committed 131660K, reserved 1163264K
  class space    used 16308K, capacity 17679K, committed 17792K, reserved 1048576K
GC Heap History (20 events):
Event: 401.478 GC heap before
{Heap before GC invocations=51 (full 0):
 garbage-first heap   total 207872K, used 173995K [0x0000000080000000, 0x0000000100000000)
  region size 1024K, 23 young (23552K), 2 survivors (2048K)
 Metaspace       used 115506K, capacity 118943K, committed 119244K, reserved 1153024K
  class space    used 14994K, capacity 16264K, committed 16384K, reserved 1048576K
}
Event: 401.507 GC heap after
{Heap after GC invocations=52 (full 0):
 garbage-first heap   total 207872K, used 154779K [0x0000000080000000, 0x0000000100000000)
  region size 1024K, 2 young (2048K), 2 survivors (2048K)
 Metaspace       used 115506K, capacity 118943K, committed 119244K, reserved 1153024K
  class space    used 14994K, capacity 16264K, committed 16384K, reserved 1048576K
}
Event: 403.246 GC heap before
{Heap before GC invocations=53 (full 0):
 garbage-first heap   total 207872K, used 176283K [0x0000000080000000, 0x0000000100000000)
  region size 1024K, 23 young (23552K), 2 survivors (2048K)
 Metaspace       used 116175K, capacity 119632K, committed 119756K, reserved 1153024K
  class space    used 15056K, capacity 16324K, committed 16384K, reserved 1048576K
}
Event: 403.260 GC heap after
{Heap after GC invocations=54 (full 0):
 garbage-first heap   total 207872K, used 155382K [0x0000000080000000, 0x0000000100000000)
  region size 1024K, 2 young (2048K), 2 survivors (2048K)
 Metaspace       used 116175K, capacity 119632K, committed 119756K, reserved 1153024K
  class space    used 15056K, capacity 16324K, committed 16384K, reserved 1048576K
}
Event: 405.406 GC heap before
{Heap before GC invocations=54 (full 0):
 garbage-first heap   total 207872K, used 177910K [0x0000000080000000, 0x0000000100000000)
  region size 1024K, 24 young (24576K), 2 survivors (2048K)
 Metaspace       used 118109K, capacity 121763K, committed 121804K, reserved 1155072K
  class space    used 15258K, capacity 16639K, committed 16640K, reserved 1048576K
}
Event: 405.432 GC heap after
{Heap after GC invocations=55 (full 0):
 garbage-first heap   total 207872K, used 157687K [0x0000000080000000, 0x0000000100000000)
  region size 1024K, 3 young (3072K), 3 survivors (3072K)
 Metaspace       used 118109K, capacity 121763K, committed 121804K, reserved 1155072K
  class space    used 15258K, capacity 16639K, committed 16640K, reserved 1048576K
}
Event: 407.169 GC heap before
{Heap before GC invocations=56 (full 0):
 garbage-first heap   total 207872K, used 170999K [0x0000000080000000, 0x0000000100000000)
  region size 1024K, 24 young (24576K), 3 survivors (3072K)
 Metaspace       used 118378K, capacity 122145K, committed 122444K, reserved 1155072K
  class space    used 15279K, capacity 16677K, committed 16768K, reserved 1048576K
}
Event: 407.210 GC heap after
{Heap after GC invocations=57 (full 0):
 garbage-first heap   total 207872K, used 151991K [0x0000000080000000, 0x0000000100000000)
  region size 1024K, 3 young (3072K), 3 survivors (3072K)
 Metaspace       used 118378K, capacity 122145K, committed 122444K, reserved 1155072K
  class space    used 15279K, capacity 16677K, committed 16768K, reserved 1048576K
}
Event: 407.603 GC heap before
{Heap before GC invocations=57 (full 0):
 garbage-first heap   total 207872K, used 159159K [0x0000000080000000, 0x0000000100000000)
  region size 1024K, 10 young (10240K), 3 survivors (3072K)
 Metaspace       used 118749K, capacity 122444K, committed 122700K, reserved 1155072K
  class space    used 15344K, capacity 16713K, committed 16768K, reserved 1048576K
}
Event: 407.687 GC heap after
{Heap after GC invocations=58 (full 0):
 garbage-first heap   total 207872K, used 140905K [0x0000000080000000, 0x0000000100000000)
  region size 1024K, 1 young (1024K), 1 survivors (1024K)
 Metaspace       used 118749K, capacity 122444K, committed 122700K, reserved 1155072K
  class space    used 15344K, capacity 16713K, committed 16768K, reserved 1048576K
}
Event: 409.734 GC heap before
{Heap before GC invocations=58 (full 0):
 garbage-first heap   total 207872K, used 167529K [0x0000000080000000, 0x0000000100000000)
  region size 1024K, 28 young (28672K), 1 survivors (1024K)
 Metaspace       used 121184K, capacity 124971K, committed 125132K, reserved 1157120K
  class space    used 15676K, capacity 17063K, committed 17152K, reserved 1048576K
}
Event: 409.758 GC heap after
{Heap after GC invocations=59 (full 0):
 garbage-first heap   total 207872K, used 142052K [0x0000000080000000, 0x0000000100000000)
  region size 1024K, 2 young (2048K), 2 survivors (2048K)
 Metaspace       used 121184K, capacity 124971K, committed 125132K, reserved 1157120K
  class space    used 15676K, capacity 17063K, committed 17152K, reserved 1048576K
}
Event: 411.848 GC heap before
{Heap before GC invocations=60 (full 0):
 garbage-first heap   total 207872K, used 169700K [0x0000000080000000, 0x0000000100000000)
  region size 1024K, 29 young (29696K), 2 survivors (2048K)
 Metaspace       used 121477K, capacity 125117K, committed 125388K, reserved 1157120K
  class space    used 15705K, capacity 17064K, committed 17152K, reserved 1048576K
}
Event: 411.874 GC heap after
{Heap after GC invocations=61 (full 0):
 garbage-first heap   total 207872K, used 143309K [0x0000000080000000, 0x0000000100000000)
  region size 1024K, 4 young (4096K), 4 survivors (4096K)
 Metaspace       used 121477K, capacity 125117K, committed 125388K, reserved 1157120K
  class space    used 15705K, capacity 17064K, committed 17152K, reserved 1048576K
}
Event: 412.570 GC heap before
{Heap before GC invocations=61 (full 0):
 garbage-first heap   total 207872K, used 153549K [0x0000000080000000, 0x0000000100000000)
  region size 1024K, 15 young (15360K), 4 survivors (4096K)
 Metaspace       used 122396K, capacity 126144K, committed 126412K, reserved 1159168K
  class space    used 15794K, capacity 17129K, committed 17152K, reserved 1048576K
}
Event: 412.585 GC heap after
{Heap after GC invocations=62 (full 0):
 garbage-first heap   total 207872K, used 144282K [0x0000000080000000, 0x0000000100000000)
  region size 1024K, 3 young (3072K), 3 survivors (3072K)
 Metaspace       used 122396K, capacity 126144K, committed 126412K, reserved 1159168K
  class space    used 15794K, capacity 17129K, committed 17152K, reserved 1048576K
}
Event: 415.819 GC heap before
{Heap before GC invocations=63 (full 0):
 garbage-first heap   total 207872K, used 173978K [0x0000000080000000, 0x0000000100000000)
  region size 1024K, 31 young (31744K), 3 survivors (3072K)
 Metaspace       used 125140K, capacity 128892K, committed 128972K, reserved 1161216K
  class space    used 16009K, capacity 17380K, committed 17408K, reserved 1048576K
}
Event: 415.860 GC heap after
{Heap after GC invocations=64 (full 0):
 garbage-first heap   total 207872K, used 146927K [0x0000000080000000, 0x0000000100000000)
  region size 1024K, 4 young (4096K), 4 survivors (4096K)
 Metaspace       used 125140K, capacity 128892K, committed 128972K, reserved 1161216K
  class space    used 16009K, capacity 17380K, committed 17408K, reserved 1048576K
}
Event: 674.123 GC heap before
{Heap before GC invocations=64 (full 0):
 garbage-first heap   total 207872K, used 173551K [0x0000000080000000, 0x0000000100000000)
  region size 1024K, 31 young (31744K), 4 survivors (4096K)
 Metaspace       used 127305K, capacity 131154K, committed 131276K, reserved 1163264K
  class space    used 16279K, capacity 17646K, committed 17664K, reserved 1048576K
}
Event: 674.145 GC heap after
{Heap after GC invocations=65 (full 0):
 garbage-first heap   total 207872K, used 148406K [0x0000000080000000, 0x0000000100000000)
  region size 1024K, 3 young (3072K), 3 survivors (3072K)
 Metaspace       used 127305K, capacity 131154K, committed 131276K, reserved 1163264K
  class space    used 16279K, capacity 17646K, committed 17664K, reserved 1048576K
}

