# JRE version: OpenJDK Runtime Environment (11.0.10) (build 11.0.10+0-b96-7249189)
# Java VM: OpenJDK 64-Bit Server VM (11.0.10+0-b96-7249189, mixed mode, tiered, compressed oops, g1 gc, windows-amd64)
Heap:
 garbage-first heap   total 405504K, used 87608K [0x0000000080000000, 0x0000000100000000)
  region size 1024K, 1 young (1024K), 1 survivors (1024K)
 Metaspace       used 83938K, capacity 86063K, committed 86220K, reserved 1124352K
  class space    used 10817K, capacity 11580K, committed 11596K, reserved 1048576K
GC Heap History (20 events):
Event: 576.256 GC heap after
{Heap after GC invocations=60 (full 0):
 garbage-first heap   total 98304K, used 81545K [0x0000000080000000, 0x0000000100000000)
  region size 1024K, 1 young (1024K), 1 survivors (1024K)
 Metaspace       used 83898K, capacity 86063K, committed 86220K, reserved 1124352K
  class space    used 10816K, capacity 11580K, committed 11596K, reserved 1048576K
}
Event: 576.354 GC heap before
{Heap before GC invocations=60 (full 0):
 garbage-first heap   total 98304K, used 85641K [0x0000000080000000, 0x0000000100000000)
  region size 1024K, 5 young (5120K), 1 survivors (1024K)
 Metaspace       used 83899K, capacity 86063K, committed 86220K, reserved 1124352K
  class space    used 10816K, capacity 11580K, committed 11596K, reserved 1048576K
}
Event: 576.362 GC heap after
{Heap after GC invocations=61 (full 0):
 garbage-first heap   total 98304K, used 82192K [0x0000000080000000, 0x0000000100000000)
  region size 1024K, 1 young (1024K), 1 survivors (1024K)
 Metaspace       used 83899K, capacity 86063K, committed 86220K, reserved 1124352K
  class space    used 10816K, capacity 11580K, committed 11596K, reserved 1048576K
}
Event: 576.455 GC heap before
{Heap before GC invocations=61 (full 0):
 garbage-first heap   total 98304K, used 85264K [0x0000000080000000, 0x0000000100000000)
  region size 1024K, 4 young (4096K), 1 survivors (1024K)
 Metaspace       used 83910K, capacity 86063K, committed 86220K, reserved 1124352K
  class space    used 10816K, capacity 11580K, committed 11596K, reserved 1048576K
}
Event: 576.462 GC heap after
{Heap after GC invocations=62 (full 0):
 garbage-first heap   total 98304K, used 82727K [0x0000000080000000, 0x0000000100000000)
  region size 1024K, 1 young (1024K), 1 survivors (1024K)
 Metaspace       used 83910K, capacity 86063K, committed 86220K, reserved 1124352K
  class space    used 10816K, capacity 11580K, committed 11596K, reserved 1048576K
}
Event: 576.557 GC heap before
{Heap before GC invocations=62 (full 0):
 garbage-first heap   total 98304K, used 85799K [0x0000000080000000, 0x0000000100000000)
  region size 1024K, 4 young (4096K), 1 survivors (1024K)
 Metaspace       used 83913K, capacity 86063K, committed 86220K, reserved 1124352K
  class space    used 10816K, capacity 11580K, committed 11596K, reserved 1048576K
}
Event: 576.563 GC heap after
{Heap after GC invocations=63 (full 0):
 garbage-first heap   total 98304K, used 83104K [0x0000000080000000, 0x0000000100000000)
  region size 1024K, 1 young (1024K), 1 survivors (1024K)
 Metaspace       used 83913K, capacity 86063K, committed 86220K, reserved 1124352K
  class space    used 10816K, capacity 11580K, committed 11596K, reserved 1048576K
}
Event: 576.621 GC heap before
{Heap before GC invocations=63 (full 0):
 garbage-first heap   total 98304K, used 86176K [0x0000000080000000, 0x0000000100000000)
  region size 1024K, 4 young (4096K), 1 survivors (1024K)
 Metaspace       used 83916K, capacity 86063K, committed 86220K, reserved 1124352K
  class space    used 10816K, capacity 11580K, committed 11596K, reserved 1048576K
}
Event: 576.630 GC heap after
{Heap after GC invocations=64 (full 0):
 garbage-first heap   total 98304K, used 83610K [0x0000000080000000, 0x0000000100000000)
  region size 1024K, 1 young (1024K), 1 survivors (1024K)
 Metaspace       used 83916K, capacity 86063K, committed 86220K, reserved 1124352K
  class space    used 10816K, capacity 11580K, committed 11596K, reserved 1048576K
}
Event: 576.683 GC heap before
{Heap before GC invocations=64 (full 0):
 garbage-first heap   total 98304K, used 86682K [0x0000000080000000, 0x0000000100000000)
  region size 1024K, 4 young (4096K), 1 survivors (1024K)
 Metaspace       used 83920K, capacity 86063K, committed 86220K, reserved 1124352K
  class space    used 10816K, capacity 11580K, committed 11596K, reserved 1048576K
}
Event: 576.694 GC heap after
{Heap after GC invocations=65 (full 0):
 garbage-first heap   total 98304K, used 84058K [0x0000000080000000, 0x0000000100000000)
  region size 1024K, 1 young (1024K), 1 survivors (1024K)
 Metaspace       used 83920K, capacity 86063K, committed 86220K, reserved 1124352K
  class space    used 10816K, capacity 11580K, committed 11596K, reserved 1048576K
}
Event: 576.766 GC heap before
{Heap before GC invocations=65 (full 0):
 garbage-first heap   total 98304K, used 87130K [0x0000000080000000, 0x0000000100000000)
  region size 1024K, 4 young (4096K), 1 survivors (1024K)
 Metaspace       used 83921K, capacity 86063K, committed 86220K, reserved 1124352K
  class space    used 10816K, capacity 11580K, committed 11596K, reserved 1048576K
}
Event: 578.872 GC heap after
{Heap after GC invocations=66 (full 0):
 garbage-first heap   total 135168K, used 84501K [0x0000000080000000, 0x0000000100000000)
  region size 1024K, 1 young (1024K), 1 survivors (1024K)
 Metaspace       used 83921K, capacity 86063K, committed 86220K, reserved 1124352K
  class space    used 10816K, capacity 11580K, committed 11596K, reserved 1048576K
}
Event: 579.232 GC heap before
{Heap before GC invocations=67 (full 0):
 garbage-first heap   total 135168K, used 89621K [0x0000000080000000, 0x0000000100000000)
  region size 1024K, 6 young (6144K), 1 survivors (1024K)
 Metaspace       used 83926K, capacity 86063K, committed 86220K, reserved 1124352K
  class space    used 10817K, capacity 11580K, committed 11596K, reserved 1048576K
}
Event: 579.243 GC heap after
{Heap after GC invocations=68 (full 0):
 garbage-first heap   total 135168K, used 85138K [0x0000000080000000, 0x0000000100000000)
  region size 1024K, 1 young (1024K), 1 survivors (1024K)
 Metaspace       used 83926K, capacity 86063K, committed 86220K, reserved 1124352K
  class space    used 10817K, capacity 11580K, committed 11596K, reserved 1048576K
}
Event: 579.338 GC heap before
{Heap before GC invocations=68 (full 0):
 garbage-first heap   total 135168K, used 90258K [0x0000000080000000, 0x0000000100000000)
  region size 1024K, 6 young (6144K), 1 survivors (1024K)
 Metaspace       used 83930K, capacity 86063K, committed 86220K, reserved 1124352K
  class space    used 10817K, capacity 11580K, committed 11596K, reserved 1048576K
}
Event: 579.351 GC heap after
{Heap after GC invocations=69 (full 0):
 garbage-first heap   total 135168K, used 86214K [0x0000000080000000, 0x0000000100000000)
  region size 1024K, 1 young (1024K), 1 survivors (1024K)
 Metaspace       used 83930K, capacity 86063K, committed 86220K, reserved 1124352K
  class space    used 10817K, capacity 11580K, committed 11596K, reserved 1048576K
}
Event: 579.464 GC heap before
{Heap before GC invocations=69 (full 0):
 garbage-first heap   total 135168K, used 91334K [0x0000000080000000, 0x0000000100000000)
  region size 1024K, 6 young (6144K), 1 survivors (1024K)
 Metaspace       used 83934K, capacity 86063K, committed 86220K, reserved 1124352K
  class space    used 10817K, capacity 11580K, committed 11596K, reserved 1048576K
}
Event: 579.473 GC heap after
{Heap after GC invocations=70 (full 0):
 garbage-first heap   total 135168K, used 86851K [0x0000000080000000, 0x0000000100000000)
  region size 1024K, 1 young (1024K), 1 survivors (1024K)
 Metaspace       used 83934K, capacity 86063K, committed 86220K, reserved 1124352K
  class space    used 10817K, capacity 11580K, committed 11596K, reserved 1048576K
}
Event: 579.586 GC heap before
{Heap before GC invocations=70 (full 0):
 garbage-first heap   total 135168K, used 91971K [0x0000000080000000, 0x0000000100000000)
  region size 1024K, 6 young (6144K), 1 survivors (1024K)
 Metaspace       used 83938K, capacity 86063K, committed 86220K, reserved 1124352K
  class space    used 10817K, capacity 11580K, committed 11596K, reserved 1048576K
}

