# JRE version: OpenJDK Runtime Environment (11.0.10) (build 11.0.10+0-b96-7249189)
# Java VM: OpenJDK 64-Bit Server VM (11.0.10+0-b96-7249189, mixed mode, tiered, compressed oops, g1 gc, windows-amd64)
Heap:
 garbage-first heap   total 118784K, used 80142K [0x0000000080000000, 0x0000000100000000)
  region size 1024K, 1 young (1024K), 1 survivors (1024K)
 Metaspace       used 67840K, capacity 69587K, committed 69788K, reserved 1110016K
  class space    used 8565K, capacity 9171K, committed 9216K, reserved 1048576K
GC Heap History (20 events):
Event: 86.885 GC heap after
{Heap after GC invocations=31 (full 0):
 garbage-first heap   total 98304K, used 74345K [0x0000000080000000, 0x0000000100000000)
  region size 1024K, 1 young (1024K), 1 survivors (1024K)
 Metaspace       used 59381K, capacity 61035K, committed 61340K, reserved 1101824K
  class space    used 7505K, capacity 8074K, committed 8192K, reserved 1048576K
}
Event: 87.363 GC heap before
{Heap before GC invocations=31 (full 0):
 garbage-first heap   total 98304K, used 81513K [0x0000000080000000, 0x0000000100000000)
  region size 1024K, 9 young (9216K), 1 survivors (1024K)
 Metaspace       used 60458K, capacity 62122K, committed 62236K, reserved 1103872K
  class space    used 7646K, capacity 8241K, committed 8320K, reserved 1048576K
}
Event: 87.369 GC heap after
{Heap after GC invocations=32 (full 0):
 garbage-first heap   total 98304K, used 74653K [0x0000000080000000, 0x0000000100000000)
  region size 1024K, 1 young (1024K), 1 survivors (1024K)
 Metaspace       used 60458K, capacity 62122K, committed 62236K, reserved 1103872K
  class space    used 7646K, capacity 8241K, committed 8320K, reserved 1048576K
}
Event: 88.634 GC heap before
{Heap before GC invocations=33 (full 0):
 garbage-first heap   total 98304K, used 82845K [0x0000000080000000, 0x0000000100000000)
  region size 1024K, 9 young (9216K), 1 survivors (1024K)
 Metaspace       used 61556K, capacity 63209K, committed 63388K, reserved 1103872K
  class space    used 7782K, capacity 8372K, committed 8448K, reserved 1048576K
}
Event: 88.643 GC heap after
{Heap after GC invocations=34 (full 0):
 garbage-first heap   total 98304K, used 74993K [0x0000000080000000, 0x0000000100000000)
  region size 1024K, 1 young (1024K), 1 survivors (1024K)
 Metaspace       used 61556K, capacity 63209K, committed 63388K, reserved 1103872K
  class space    used 7782K, capacity 8372K, committed 8448K, reserved 1048576K
}
Event: 90.524 GC heap before
{Heap before GC invocations=34 (full 0):
 garbage-first heap   total 98304K, used 83185K [0x0000000080000000, 0x0000000100000000)
  region size 1024K, 9 young (9216K), 1 survivors (1024K)
 Metaspace       used 62879K, capacity 64541K, committed 64796K, reserved 1105920K
  class space    used 7947K, capacity 8517K, committed 8576K, reserved 1048576K
}
Event: 90.536 GC heap after
{Heap after GC invocations=35 (full 0):
 garbage-first heap   total 98304K, used 75337K [0x0000000080000000, 0x0000000100000000)
  region size 1024K, 2 young (2048K), 2 survivors (2048K)
 Metaspace       used 62879K, capacity 64541K, committed 64796K, reserved 1105920K
  class space    used 7947K, capacity 8517K, committed 8576K, reserved 1048576K
}
Event: 91.554 GC heap before
{Heap before GC invocations=36 (full 0):
 garbage-first heap   total 98304K, used 81481K [0x0000000080000000, 0x0000000100000000)
  region size 1024K, 9 young (9216K), 2 survivors (2048K)
 Metaspace       used 64328K, capacity 66062K, committed 66204K, reserved 1107968K
  class space    used 8098K, capacity 8684K, committed 8704K, reserved 1048576K
}
Event: 91.564 GC heap after
{Heap after GC invocations=37 (full 0):
 garbage-first heap   total 98304K, used 75542K [0x0000000080000000, 0x0000000100000000)
  region size 1024K, 2 young (2048K), 2 survivors (2048K)
 Metaspace       used 64328K, capacity 66062K, committed 66204K, reserved 1107968K
  class space    used 8098K, capacity 8684K, committed 8704K, reserved 1048576K
}
Event: 92.845 GC heap before
{Heap before GC invocations=37 (full 0):
 garbage-first heap   total 98304K, used 83734K [0x0000000080000000, 0x0000000100000000)
  region size 1024K, 10 young (10240K), 2 survivors (2048K)
 Metaspace       used 65239K, capacity 66971K, committed 67228K, reserved 1107968K
  class space    used 8217K, capacity 8833K, committed 8960K, reserved 1048576K
}
Event: 92.854 GC heap after
{Heap after GC invocations=38 (full 0):
 garbage-first heap   total 98304K, used 75815K [0x0000000080000000, 0x0000000100000000)
  region size 1024K, 2 young (2048K), 2 survivors (2048K)
 Metaspace       used 65239K, capacity 66971K, committed 67228K, reserved 1107968K
  class space    used 8217K, capacity 8833K, committed 8960K, reserved 1048576K
}
Event: 94.024 GC heap before
{Heap before GC invocations=39 (full 0):
 garbage-first heap   total 98304K, used 84007K [0x0000000080000000, 0x0000000100000000)
  region size 1024K, 10 young (10240K), 2 survivors (2048K)
 Metaspace       used 66666K, capacity 68449K, committed 68636K, reserved 1110016K
  class space    used 8418K, capacity 9027K, committed 9088K, reserved 1048576K
}
Event: 94.038 GC heap after
{Heap after GC invocations=40 (full 0):
 garbage-first heap   total 98304K, used 76287K [0x0000000080000000, 0x0000000100000000)
  region size 1024K, 2 young (2048K), 2 survivors (2048K)
 Metaspace       used 66666K, capacity 68449K, committed 68636K, reserved 1110016K
  class space    used 8418K, capacity 9027K, committed 9088K, reserved 1048576K
}
Event: 94.647 GC heap before
{Heap before GC invocations=40 (full 0):
 garbage-first heap   total 98304K, used 82431K [0x0000000080000000, 0x0000000100000000)
  region size 1024K, 9 young (9216K), 2 survivors (2048K)
 Metaspace       used 67132K, capacity 68939K, committed 69276K, reserved 1110016K
  class space    used 8481K, capacity 9106K, committed 9216K, reserved 1048576K
}
Event: 94.661 GC heap after
{Heap after GC invocations=41 (full 0):
 garbage-first heap   total 98304K, used 77338K [0x0000000080000000, 0x0000000100000000)
  region size 1024K, 2 young (2048K), 2 survivors (2048K)
 Metaspace       used 67132K, capacity 68939K, committed 69276K, reserved 1110016K
  class space    used 8481K, capacity 9106K, committed 9216K, reserved 1048576K
}
Event: 94.756 GC heap before
{Heap before GC invocations=41 (full 0):
 garbage-first heap   total 98304K, used 83482K [0x0000000080000000, 0x0000000100000000)
  region size 1024K, 9 young (9216K), 2 survivors (2048K)
 Metaspace       used 67132K, capacity 68939K, committed 69276K, reserved 1110016K
  class space    used 8481K, capacity 9106K, committed 9216K, reserved 1048576K
}
Event: 94.771 GC heap after
{Heap after GC invocations=42 (full 0):
 garbage-first heap   total 98304K, used 79844K [0x0000000080000000, 0x0000000100000000)
  region size 1024K, 2 young (2048K), 2 survivors (2048K)
 Metaspace       used 67132K, capacity 68939K, committed 69276K, reserved 1110016K
  class space    used 8481K, capacity 9106K, committed 9216K, reserved 1048576K
}
Event: 95.365 GC heap before
{Heap before GC invocations=43 (full 0):
 garbage-first heap   total 98304K, used 83940K [0x0000000080000000, 0x0000000100000000)
  region size 1024K, 6 young (6144K), 2 survivors (2048K)
 Metaspace       used 67439K, capacity 69227K, committed 69532K, reserved 1110016K
  class space    used 8516K, capacity 9138K, committed 9216K, reserved 1048576K
}
Event: 95.377 GC heap after
{Heap after GC invocations=44 (full 0):
 garbage-first heap   total 98304K, used 79833K [0x0000000080000000, 0x0000000100000000)
  region size 1024K, 1 young (1024K), 1 survivors (1024K)
 Metaspace       used 67439K, capacity 69227K, committed 69532K, reserved 1110016K
  class space    used 8516K, capacity 9138K, committed 9216K, reserved 1048576K
}
Event: 95.694 GC heap before
{Heap before GC invocations=44 (full 0):
 garbage-first heap   total 98304K, used 83929K [0x0000000080000000, 0x0000000100000000)
  region size 1024K, 5 young (5120K), 1 survivors (1024K)
 Metaspace       used 67840K, capacity 69587K, committed 69788K, reserved 1110016K
  class space    used 8565K, capacity 9171K, committed 9216K, reserved 1048576K
}

