# JRE version: OpenJDK Runtime Environment (11.0.10) (build 11.0.10+0-b96-7249189)
# Java VM: OpenJDK 64-Bit Server VM (11.0.10+0-b96-7249189, mixed mode, tiered, compressed oops, g1 gc, windows-amd64)
Heap:
 garbage-first heap   total 98304K, used 73343K [0x0000000080000000, 0x0000000100000000)
  region size 1024K, 21 young (21504K), 4 survivors (4096K)
 Metaspace       used 50196K, capacity 51738K, committed 51968K, reserved 1093632K
  class space    used 6373K, capacity 6884K, committed 6912K, reserved 1048576K
GC Heap History (20 events):
Event: 31.473 GC heap after
{Heap after GC invocations=10 (full 0):
 garbage-first heap   total 98304K, used 34163K [0x0000000080000000, 0x0000000100000000)
  region size 1024K, 3 young (3072K), 3 survivors (3072K)
 Metaspace       used 33407K, capacity 34242K, committed 34560K, reserved 1079296K
  class space    used 4432K, capacity 4765K, committed 4864K, reserved 1048576K
}
Event: 32.110 GC heap before
{Heap before GC invocations=10 (full 0):
 garbage-first heap   total 98304K, used 38259K [0x0000000080000000, 0x0000000100000000)
  region size 1024K, 8 young (8192K), 3 survivors (3072K)
 Metaspace       used 34808K, capacity 35706K, committed 35840K, reserved 1081344K
  class space    used 4519K, capacity 4870K, committed 4992K, reserved 1048576K
}
Event: 32.133 GC heap after
{Heap after GC invocations=11 (full 0):
 garbage-first heap   total 98304K, used 34592K [0x0000000080000000, 0x0000000100000000)
  region size 1024K, 3 young (3072K), 3 survivors (3072K)
 Metaspace       used 34808K, capacity 35706K, committed 35840K, reserved 1081344K
  class space    used 4519K, capacity 4870K, committed 4992K, reserved 1048576K
}
Event: 37.674 GC heap before
{Heap before GC invocations=12 (full 0):
 garbage-first heap   total 98304K, used 73504K [0x0000000080000000, 0x0000000100000000)
  region size 1024K, 39 young (39936K), 3 survivors (3072K)
 Metaspace       used 39229K, capacity 40252K, committed 40448K, reserved 1085440K
  class space    used 4972K, capacity 5358K, committed 5376K, reserved 1048576K
}
Event: 37.709 GC heap after
{Heap after GC invocations=13 (full 0):
 garbage-first heap   total 98304K, used 37991K [0x0000000080000000, 0x0000000100000000)
  region size 1024K, 4 young (4096K), 4 survivors (4096K)
 Metaspace       used 39229K, capacity 40252K, committed 40448K, reserved 1085440K
  class space    used 4972K, capacity 5358K, committed 5376K, reserved 1048576K
}
Event: 41.326 GC heap before
{Heap before GC invocations=14 (full 0):
 garbage-first heap   total 98304K, used 73831K [0x0000000080000000, 0x0000000100000000)
  region size 1024K, 39 young (39936K), 4 survivors (4096K)
 Metaspace       used 42243K, capacity 43334K, committed 43520K, reserved 1087488K
  class space    used 5415K, capacity 5813K, committed 5888K, reserved 1048576K
}
Event: 41.350 GC heap after
{Heap after GC invocations=15 (full 0):
 garbage-first heap   total 98304K, used 39067K [0x0000000080000000, 0x0000000100000000)
  region size 1024K, 2 young (2048K), 2 survivors (2048K)
 Metaspace       used 42243K, capacity 43334K, committed 43520K, reserved 1087488K
  class space    used 5415K, capacity 5813K, committed 5888K, reserved 1048576K
}
Event: 50.403 GC heap before
{Heap before GC invocations=15 (full 0):
 garbage-first heap   total 98304K, used 52379K [0x0000000080000000, 0x0000000100000000)
  region size 1024K, 12 young (12288K), 2 survivors (2048K)
 Metaspace       used 42601K, capacity 43747K, committed 44032K, reserved 1087488K
  class space    used 5440K, capacity 5858K, committed 5888K, reserved 1048576K
}
Event: 50.418 GC heap after
{Heap after GC invocations=16 (full 0):
 garbage-first heap   total 98304K, used 46050K [0x0000000080000000, 0x0000000100000000)
  region size 1024K, 4 young (4096K), 4 survivors (4096K)
 Metaspace       used 42601K, capacity 43747K, committed 44032K, reserved 1087488K
  class space    used 5440K, capacity 5858K, committed 5888K, reserved 1048576K
}
Event: 51.970 GC heap before
{Heap before GC invocations=17 (full 0):
 garbage-first heap   total 98304K, used 60386K [0x0000000080000000, 0x0000000100000000)
  region size 1024K, 17 young (17408K), 4 survivors (4096K)
 Metaspace       used 43270K, capacity 44530K, committed 44672K, reserved 1087488K
  class space    used 5513K, capacity 5946K, committed 6016K, reserved 1048576K
}
Event: 51.991 GC heap after
{Heap after GC invocations=18 (full 0):
 garbage-first heap   total 98304K, used 50965K [0x0000000080000000, 0x0000000100000000)
  region size 1024K, 3 young (3072K), 3 survivors (3072K)
 Metaspace       used 43270K, capacity 44530K, committed 44672K, reserved 1087488K
  class space    used 5513K, capacity 5946K, committed 6016K, reserved 1048576K
}
Event: 55.540 GC heap before
{Heap before GC invocations=19 (full 0):
 garbage-first heap   total 98304K, used 77589K [0x0000000080000000, 0x0000000100000000)
  region size 1024K, 28 young (28672K), 3 survivors (3072K)
 Metaspace       used 45009K, capacity 46213K, committed 46336K, reserved 1089536K
  class space    used 5635K, capacity 6057K, committed 6144K, reserved 1048576K
}
Event: 55.557 GC heap after
{Heap after GC invocations=20 (full 0):
 garbage-first heap   total 98304K, used 52655K [0x0000000080000000, 0x0000000100000000)
  region size 1024K, 3 young (3072K), 3 survivors (3072K)
 Metaspace       used 45009K, capacity 46213K, committed 46336K, reserved 1089536K
  class space    used 5635K, capacity 6057K, committed 6144K, reserved 1048576K
}
Event: 57.567 GC heap before
{Heap before GC invocations=20 (full 0):
 garbage-first heap   total 98304K, used 77231K [0x0000000080000000, 0x0000000100000000)
  region size 1024K, 27 young (27648K), 3 survivors (3072K)
 Metaspace       used 46651K, capacity 47874K, committed 48128K, reserved 1091584K
  class space    used 5899K, capacity 6333K, committed 6400K, reserved 1048576K
}
Event: 57.602 GC heap after
{Heap after GC invocations=21 (full 0):
 garbage-first heap   total 98304K, used 54389K [0x0000000080000000, 0x0000000100000000)
  region size 1024K, 2 young (2048K), 2 survivors (2048K)
 Metaspace       used 46651K, capacity 47874K, committed 48128K, reserved 1091584K
  class space    used 5899K, capacity 6333K, committed 6400K, reserved 1048576K
}
Event: 60.124 GC heap before
{Heap before GC invocations=22 (full 0):
 garbage-first heap   total 98304K, used 78965K [0x0000000080000000, 0x0000000100000000)
  region size 1024K, 26 young (26624K), 2 survivors (2048K)
 Metaspace       used 48145K, capacity 49532K, committed 49664K, reserved 1091584K
  class space    used 6158K, capacity 6631K, committed 6656K, reserved 1048576K
}
Event: 60.138 GC heap after
{Heap after GC invocations=23 (full 0):
 garbage-first heap   total 98304K, used 55162K [0x0000000080000000, 0x0000000100000000)
  region size 1024K, 3 young (3072K), 3 survivors (3072K)
 Metaspace       used 48145K, capacity 49532K, committed 49664K, reserved 1091584K
  class space    used 6158K, capacity 6631K, committed 6656K, reserved 1048576K
}
Event: 63.493 GC heap before
{Heap before GC invocations=23 (full 0):
 garbage-first heap   total 98304K, used 79738K [0x0000000080000000, 0x0000000100000000)
  region size 1024K, 27 young (27648K), 3 survivors (3072K)
 Metaspace       used 49707K, capacity 51243K, committed 51456K, reserved 1093632K
  class space    used 6333K, capacity 6835K, committed 6912K, reserved 1048576K
}
Event: 63.513 GC heap after
{Heap after GC invocations=24 (full 0):
 garbage-first heap   total 98304K, used 56470K [0x0000000080000000, 0x0000000100000000)
  region size 1024K, 3 young (3072K), 3 survivors (3072K)
 Metaspace       used 49707K, capacity 51243K, committed 51456K, reserved 1093632K
  class space    used 6333K, capacity 6835K, committed 6912K, reserved 1048576K
}
Event: 65.391 GC heap before
{Heap before GC invocations=25 (full 0):
 garbage-first heap   total 98304K, used 71830K [0x0000000080000000, 0x0000000100000000)
  region size 1024K, 20 young (20480K), 3 survivors (3072K)
 Metaspace       used 50196K, capacity 51738K, committed 51968K, reserved 1093632K
  class space    used 6373K, capacity 6884K, committed 6912K, reserved 1048576K
}

